{"/Users/anthonytamayoortega/Documents/FrontendProjects/React/tp-template-b2c-b2b-react/msal-auth-template/src/App.tsx": {"path":"/Users/anthonytamayoortega/Documents/FrontendProjects/React/tp-template-b2c-b2b-react/msal-auth-template/src/App.tsx","all":false,"statementMap":{"0":{"start":{"line":1,"column":0},"end":{"line":1,"column":38}},"1":{"start":{"line":2,"column":0},"end":{"line":2,"column":37}},"3":{"start":{"line":4,"column":0},"end":{"line":4,"column":16}},"4":{"start":{"line":5,"column":0},"end":{"line":5,"column":12}},"5":{"start":{"line":6,"column":0},"end":{"line":6,"column":10}},"6":{"start":{"line":7,"column":0},"end":{"line":7,"column":22}},"7":{"start":{"line":8,"column":0},"end":{"line":8,"column":25}},"8":{"start":{"line":9,"column":0},"end":{"line":9,"column":11}},"10":{"start":{"line":11,"column":0},"end":{"line":11,"column":1}},"12":{"start":{"line":13,"column":0},"end":{"line":13,"column":19}}},"s":{"0":1,"1":1,"3":4,"4":4,"5":4,"6":4,"7":4,"8":4,"10":4,"12":1},"branchMap":{"0":{"type":"branch","line":4,"loc":{"start":{"line":4,"column":0},"end":{"line":11,"column":1}},"locations":[{"start":{"line":4,"column":0},"end":{"line":11,"column":1}}]}},"b":{"0":[4]},"fnMap":{"0":{"name":"App","decl":{"start":{"line":4,"column":0},"end":{"line":11,"column":1}},"loc":{"start":{"line":4,"column":0},"end":{"line":11,"column":1}},"line":4}},"f":{"0":4}}
,"/Users/anthonytamayoortega/Documents/FrontendProjects/React/tp-template-b2c-b2b-react/msal-auth-template/src/AppWithRouter.tsx": {"path":"/Users/anthonytamayoortega/Documents/FrontendProjects/React/tp-template-b2c-b2b-react/msal-auth-template/src/AppWithRouter.tsx","all":true,"statementMap":{"0":{"start":{"line":1,"column":0},"end":{"line":1,"column":49}},"1":{"start":{"line":2,"column":0},"end":{"line":2,"column":38}},"2":{"start":{"line":3,"column":0},"end":{"line":3,"column":37}},"4":{"start":{"line":5,"column":0},"end":{"line":5,"column":26}},"5":{"start":{"line":6,"column":0},"end":{"line":6,"column":10}},"6":{"start":{"line":7,"column":0},"end":{"line":7,"column":19}},"7":{"start":{"line":8,"column":0},"end":{"line":8,"column":16}},"8":{"start":{"line":9,"column":0},"end":{"line":9,"column":19}},"9":{"start":{"line":10,"column":0},"end":{"line":10,"column":20}},"11":{"start":{"line":12,"column":0},"end":{"line":12,"column":1}},"13":{"start":{"line":14,"column":0},"end":{"line":14,"column":29}}},"s":{"0":0,"1":0,"2":0,"4":0,"5":0,"6":0,"7":0,"8":0,"9":0,"11":0,"13":0},"branchMap":{"0":{"type":"branch","line":1,"loc":{"start":{"line":1,"column":192},"end":{"line":14,"column":-164}},"locations":[{"start":{"line":1,"column":192},"end":{"line":14,"column":-164}}]}},"b":{"0":[0]},"fnMap":{"0":{"name":"(empty-report)","decl":{"start":{"line":1,"column":192},"end":{"line":14,"column":-164}},"loc":{"start":{"line":1,"column":192},"end":{"line":14,"column":-164}},"line":1}},"f":{"0":0}}
,"/Users/anthonytamayoortega/Documents/FrontendProjects/React/tp-template-b2c-b2b-react/msal-auth-template/src/main.tsx": {"path":"/Users/anthonytamayoortega/Documents/FrontendProjects/React/tp-template-b2c-b2b-react/msal-auth-template/src/main.tsx","all":true,"statementMap":{"0":{"start":{"line":1,"column":0},"end":{"line":1,"column":26}},"1":{"start":{"line":2,"column":0},"end":{"line":2,"column":40}},"2":{"start":{"line":3,"column":0},"end":{"line":3,"column":28}},"3":{"start":{"line":4,"column":0},"end":{"line":4,"column":47}},"4":{"start":{"line":5,"column":0},"end":{"line":5,"column":44}},"6":{"start":{"line":7,"column":0},"end":{"line":7,"column":61}},"7":{"start":{"line":8,"column":0},"end":{"line":8,"column":20}},"8":{"start":{"line":9,"column":0},"end":{"line":9,"column":18}},"9":{"start":{"line":10,"column":0},"end":{"line":10,"column":23}},"10":{"start":{"line":11,"column":0},"end":{"line":11,"column":19}},"11":{"start":{"line":12,"column":0},"end":{"line":12,"column":21}},"12":{"start":{"line":13,"column":0},"end":{"line":13,"column":2}}},"s":{"0":0,"1":0,"2":0,"3":0,"4":0,"6":0,"7":0,"8":0,"9":0,"10":0,"11":0,"12":0},"branchMap":{"0":{"type":"branch","line":1,"loc":{"start":{"line":1,"column":299},"end":{"line":13,"column":-263}},"locations":[{"start":{"line":1,"column":299},"end":{"line":13,"column":-263}}]}},"b":{"0":[0]},"fnMap":{"0":{"name":"(empty-report)","decl":{"start":{"line":1,"column":299},"end":{"line":13,"column":-263}},"loc":{"start":{"line":1,"column":299},"end":{"line":13,"column":-263}},"line":1}},"f":{"0":0}}
,"/Users/anthonytamayoortega/Documents/FrontendProjects/React/tp-template-b2c-b2b-react/msal-auth-template/src/auth/AuthProvider.tsx": {"path":"/Users/anthonytamayoortega/Documents/FrontendProjects/React/tp-template-b2c-b2b-react/msal-auth-template/src/auth/AuthProvider.tsx","all":true,"statementMap":{"1":{"start":{"line":2,"column":0},"end":{"line":2,"column":62}},"2":{"start":{"line":3,"column":0},"end":{"line":3,"column":49}},"3":{"start":{"line":4,"column":0},"end":{"line":4,"column":42}},"5":{"start":{"line":6,"column":0},"end":{"line":6,"column":61}},"11":{"start":{"line":12,"column":0},"end":{"line":12,"column":63}},"12":{"start":{"line":13,"column":0},"end":{"line":13,"column":12}},"13":{"start":{"line":14,"column":0},"end":{"line":14,"column":46}},"14":{"start":{"line":15,"column":0},"end":{"line":15,"column":22}},"15":{"start":{"line":16,"column":0},"end":{"line":16,"column":23}},"17":{"start":{"line":18,"column":0},"end":{"line":18,"column":2}},"19":{"start":{"line":20,"column":0},"end":{"line":20,"column":28}}},"s":{"1":0,"2":0,"3":0,"5":0,"11":0,"12":0,"13":0,"14":0,"15":0,"17":0,"19":0},"branchMap":{"0":{"type":"branch","line":1,"loc":{"start":{"line":1,"column":402},"end":{"line":20,"column":-254}},"locations":[{"start":{"line":1,"column":402},"end":{"line":20,"column":-254}}]}},"b":{"0":[1]},"fnMap":{"0":{"name":"(empty-report)","decl":{"start":{"line":1,"column":402},"end":{"line":20,"column":-254}},"loc":{"start":{"line":1,"column":402},"end":{"line":20,"column":-254}},"line":1}},"f":{"0":1}}
,"/Users/anthonytamayoortega/Documents/FrontendProjects/React/tp-template-b2c-b2b-react/msal-auth-template/src/auth/PrivateRoute.tsx": {"path":"/Users/anthonytamayoortega/Documents/FrontendProjects/React/tp-template-b2c-b2b-react/msal-auth-template/src/auth/PrivateRoute.tsx","all":false,"statementMap":{"1":{"start":{"line":2,"column":0},"end":{"line":2,"column":55}},"2":{"start":{"line":3,"column":0},"end":{"line":3,"column":44}},"8":{"start":{"line":9,"column":0},"end":{"line":9,"column":59}},"9":{"start":{"line":10,"column":0},"end":{"line":10,"column":49}},"11":{"start":{"line":12,"column":0},"end":{"line":12,"column":73}},"12":{"start":{"line":13,"column":0},"end":{"line":13,"column":2}},"14":{"start":{"line":15,"column":0},"end":{"line":15,"column":28}}},"s":{"1":1,"2":1,"8":1,"9":2,"11":2,"12":2,"14":1},"branchMap":{"0":{"type":"branch","line":9,"loc":{"start":{"line":9,"column":21},"end":{"line":13,"column":2}},"locations":[{"start":{"line":9,"column":21},"end":{"line":13,"column":2}}]},"1":{"type":"branch","line":12,"loc":{"start":{"line":12,"column":11},"end":{"line":12,"column":40}},"locations":[{"start":{"line":12,"column":11},"end":{"line":12,"column":40}}]},"2":{"type":"branch","line":12,"loc":{"start":{"line":12,"column":29},"end":{"line":12,"column":73}},"locations":[{"start":{"line":12,"column":29},"end":{"line":12,"column":73}}]}},"b":{"0":[2],"1":[1],"2":[1]},"fnMap":{"0":{"name":"PrivateRoute","decl":{"start":{"line":9,"column":21},"end":{"line":13,"column":2}},"loc":{"start":{"line":9,"column":21},"end":{"line":13,"column":2}},"line":9}},"f":{"0":2}}
,"/Users/anthonytamayoortega/Documents/FrontendProjects/React/tp-template-b2c-b2b-react/msal-auth-template/src/auth/authConfig.b2b.ts": {"path":"/Users/anthonytamayoortega/Documents/FrontendProjects/React/tp-template-b2c-b2b-react/msal-auth-template/src/auth/authConfig.b2b.ts","all":true,"statementMap":{"2":{"start":{"line":3,"column":0},"end":{"line":3,"column":45}},"3":{"start":{"line":4,"column":0},"end":{"line":4,"column":11}},"4":{"start":{"line":5,"column":0},"end":{"line":5,"column":53}},"5":{"start":{"line":6,"column":0},"end":{"line":6,"column":54}},"6":{"start":{"line":7,"column":0},"end":{"line":7,"column":55}},"7":{"start":{"line":8,"column":0},"end":{"line":8,"column":77}},"8":{"start":{"line":9,"column":0},"end":{"line":9,"column":6}},"9":{"start":{"line":10,"column":0},"end":{"line":10,"column":12}},"10":{"start":{"line":11,"column":0},"end":{"line":11,"column":38}},"11":{"start":{"line":12,"column":0},"end":{"line":12,"column":38}},"12":{"start":{"line":13,"column":0},"end":{"line":13,"column":6}},"13":{"start":{"line":14,"column":0},"end":{"line":14,"column":2}}},"s":{"2":0,"3":0,"4":0,"5":0,"6":0,"7":0,"8":0,"9":0,"10":0,"11":0,"12":0,"13":0},"branchMap":{"0":{"type":"branch","line":1,"loc":{"start":{"line":1,"column":462},"end":{"line":14,"column":2}},"locations":[{"start":{"line":1,"column":462},"end":{"line":14,"column":2}}]}},"b":{"0":[1]},"fnMap":{"0":{"name":"(empty-report)","decl":{"start":{"line":1,"column":462},"end":{"line":14,"column":2}},"loc":{"start":{"line":1,"column":462},"end":{"line":14,"column":2}},"line":1}},"f":{"0":1}}
,"/Users/anthonytamayoortega/Documents/FrontendProjects/React/tp-template-b2c-b2b-react/msal-auth-template/src/auth/authConfig.b2c.ts": {"path":"/Users/anthonytamayoortega/Documents/FrontendProjects/React/tp-template-b2c-b2b-react/msal-auth-template/src/auth/authConfig.b2c.ts","all":true,"statementMap":{"2":{"start":{"line":3,"column":0},"end":{"line":3,"column":45}},"3":{"start":{"line":4,"column":0},"end":{"line":4,"column":11}},"4":{"start":{"line":5,"column":0},"end":{"line":5,"column":53}},"5":{"start":{"line":6,"column":0},"end":{"line":6,"column":54}},"6":{"start":{"line":7,"column":0},"end":{"line":7,"column":55}},"7":{"start":{"line":8,"column":0},"end":{"line":8,"column":77}},"8":{"start":{"line":9,"column":0},"end":{"line":9,"column":65}},"9":{"start":{"line":10,"column":0},"end":{"line":10,"column":6}},"10":{"start":{"line":11,"column":0},"end":{"line":11,"column":12}},"11":{"start":{"line":12,"column":0},"end":{"line":12,"column":38}},"12":{"start":{"line":13,"column":0},"end":{"line":13,"column":38}},"13":{"start":{"line":14,"column":0},"end":{"line":14,"column":6}},"14":{"start":{"line":15,"column":0},"end":{"line":15,"column":2}}},"s":{"2":0,"3":0,"4":0,"5":0,"6":0,"7":0,"8":0,"9":0,"10":0,"11":0,"12":0,"13":0,"14":0},"branchMap":{"0":{"type":"branch","line":1,"loc":{"start":{"line":1,"column":528},"end":{"line":15,"column":2}},"locations":[{"start":{"line":1,"column":528},"end":{"line":15,"column":2}}]}},"b":{"0":[1]},"fnMap":{"0":{"name":"(empty-report)","decl":{"start":{"line":1,"column":528},"end":{"line":15,"column":2}},"loc":{"start":{"line":1,"column":528},"end":{"line":15,"column":2}},"line":1}},"f":{"0":1}}
,"/Users/anthonytamayoortega/Documents/FrontendProjects/React/tp-template-b2c-b2b-react/msal-auth-template/src/auth/authConfig.ts": {"path":"/Users/anthonytamayoortega/Documents/FrontendProjects/React/tp-template-b2c-b2b-react/msal-auth-template/src/auth/authConfig.ts","all":true,"statementMap":{"0":{"start":{"line":1,"column":0},"end":{"line":1,"column":49}},"1":{"start":{"line":2,"column":0},"end":{"line":2,"column":49}},"3":{"start":{"line":4,"column":0},"end":{"line":4,"column":56}},"5":{"start":{"line":6,"column":0},"end":{"line":6,"column":65}}},"s":{"0":0,"1":0,"3":0,"5":0},"branchMap":{"0":{"type":"branch","line":1,"loc":{"start":{"line":1,"column":0},"end":{"line":6,"column":-60}},"locations":[{"start":{"line":1,"column":0},"end":{"line":6,"column":-60}}]}},"b":{"0":[0]},"fnMap":{"0":{"name":"(empty-report)","decl":{"start":{"line":1,"column":0},"end":{"line":6,"column":-60}},"loc":{"start":{"line":1,"column":0},"end":{"line":6,"column":-60}},"line":1}},"f":{"0":0}}
,"/Users/anthonytamayoortega/Documents/FrontendProjects/React/tp-template-b2c-b2b-react/msal-auth-template/src/components/Navbar.tsx": {"path":"/Users/anthonytamayoortega/Documents/FrontendProjects/React/tp-template-b2c-b2b-react/msal-auth-template/src/components/Navbar.tsx","all":false,"statementMap":{"0":{"start":{"line":1,"column":0},"end":{"line":1,"column":44}},"1":{"start":{"line":2,"column":0},"end":{"line":2,"column":73}},"2":{"start":{"line":3,"column":0},"end":{"line":3,"column":40}},"3":{"start":{"line":4,"column":0},"end":{"line":4,"column":44}},"5":{"start":{"line":6,"column":0},"end":{"line":6,"column":29}},"6":{"start":{"line":7,"column":0},"end":{"line":7,"column":45}},"7":{"start":{"line":8,"column":0},"end":{"line":8,"column":49}},"9":{"start":{"line":10,"column":0},"end":{"line":10,"column":21}},"10":{"start":{"line":11,"column":0},"end":{"line":11,"column":34}},"11":{"start":{"line":12,"column":0},"end":{"line":12,"column":46}},"12":{"start":{"line":13,"column":0},"end":{"line":13,"column":9}},"13":{"start":{"line":14,"column":0},"end":{"line":14,"column":19}},"15":{"start":{"line":16,"column":0},"end":{"line":16,"column":32}},"16":{"start":{"line":17,"column":0},"end":{"line":17,"column":34}},"17":{"start":{"line":18,"column":0},"end":{"line":18,"column":6}},"19":{"start":{"line":20,"column":0},"end":{"line":20,"column":48}},"21":{"start":{"line":22,"column":0},"end":{"line":22,"column":12}},"22":{"start":{"line":23,"column":0},"end":{"line":23,"column":52}},"23":{"start":{"line":24,"column":0},"end":{"line":24,"column":21}},"24":{"start":{"line":25,"column":0},"end":{"line":25,"column":62}},"26":{"start":{"line":27,"column":0},"end":{"line":27,"column":29}},"27":{"start":{"line":28,"column":0},"end":{"line":28,"column":76}},"28":{"start":{"line":29,"column":0},"end":{"line":29,"column":68}},"30":{"start":{"line":31,"column":0},"end":{"line":31,"column":29}},"31":{"start":{"line":32,"column":0},"end":{"line":32,"column":77}},"33":{"start":{"line":34,"column":0},"end":{"line":34,"column":29}},"34":{"start":{"line":35,"column":0},"end":{"line":35,"column":41}},"35":{"start":{"line":36,"column":0},"end":{"line":36,"column":77}},"37":{"start":{"line":38,"column":0},"end":{"line":38,"column":33}},"39":{"start":{"line":40,"column":0},"end":{"line":40,"column":26}},"40":{"start":{"line":41,"column":0},"end":{"line":41,"column":79}},"41":{"start":{"line":42,"column":0},"end":{"line":42,"column":75}},"43":{"start":{"line":44,"column":0},"end":{"line":44,"column":37}},"44":{"start":{"line":45,"column":0},"end":{"line":45,"column":27}},"46":{"start":{"line":47,"column":0},"end":{"line":47,"column":22}},"47":{"start":{"line":48,"column":0},"end":{"line":48,"column":22}},"48":{"start":{"line":49,"column":0},"end":{"line":49,"column":17}},"50":{"start":{"line":51,"column":0},"end":{"line":51,"column":2}}},"s":{"0":1,"1":1,"2":1,"3":1,"5":1,"6":4,"7":4,"9":4,"10":4,"11":0,"12":0,"13":4,"15":4,"16":0,"17":0,"19":4,"21":4,"22":4,"23":4,"24":4,"26":4,"27":4,"28":4,"30":4,"31":4,"33":4,"34":4,"35":4,"37":4,"39":0,"40":0,"41":0,"43":0,"44":0,"46":4,"47":4,"48":4,"50":4},"branchMap":{"0":{"type":"branch","line":6,"loc":{"start":{"line":6,"column":22},"end":{"line":51,"column":2}},"locations":[{"start":{"line":6,"column":22},"end":{"line":51,"column":2}}]},"1":{"type":"branch","line":38,"loc":{"start":{"line":38,"column":24},"end":{"line":45,"column":27}},"locations":[{"start":{"line":38,"column":24},"end":{"line":45,"column":27}}]},"2":{"type":"branch","line":10,"loc":{"start":{"line":10,"column":14},"end":{"line":14,"column":7}},"locations":[{"start":{"line":10,"column":14},"end":{"line":14,"column":7}}]},"3":{"type":"branch","line":11,"loc":{"start":{"line":11,"column":33},"end":{"line":13,"column":9}},"locations":[{"start":{"line":11,"column":33},"end":{"line":13,"column":9}}]}},"b":{"0":[4],"1":[0],"2":[4],"3":[0]},"fnMap":{"0":{"name":"Navbar","decl":{"start":{"line":6,"column":22},"end":{"line":51,"column":2}},"loc":{"start":{"line":6,"column":22},"end":{"line":51,"column":2}},"line":6},"1":{"name":"handleLogout","decl":{"start":{"line":16,"column":25},"end":{"line":18,"column":6}},"loc":{"start":{"line":16,"column":25},"end":{"line":18,"column":6}},"line":16}},"f":{"0":4,"1":0}}
,"/Users/anthonytamayoortega/Documents/FrontendProjects/React/tp-template-b2c-b2b-react/msal-auth-template/src/components/index.ts": {"path":"/Users/anthonytamayoortega/Documents/FrontendProjects/React/tp-template-b2c-b2b-react/msal-auth-template/src/components/index.ts","all":false,"statementMap":{"0":{"start":{"line":1,"column":0},"end":{"line":1,"column":25}}},"s":{"0":1},"branchMap":{},"b":{},"fnMap":{},"f":{}}
,"/Users/anthonytamayoortega/Documents/FrontendProjects/React/tp-template-b2c-b2b-react/msal-auth-template/src/pages/Home.tsx": {"path":"/Users/anthonytamayoortega/Documents/FrontendProjects/React/tp-template-b2c-b2b-react/msal-auth-template/src/pages/Home.tsx","all":false,"statementMap":{"0":{"start":{"line":1,"column":0},"end":{"line":1,"column":54}},"2":{"start":{"line":3,"column":0},"end":{"line":3,"column":27}},"3":{"start":{"line":4,"column":0},"end":{"line":4,"column":12}},"4":{"start":{"line":5,"column":0},"end":{"line":5,"column":19}},"5":{"start":{"line":6,"column":0},"end":{"line":6,"column":44}},"7":{"start":{"line":8,"column":0},"end":{"line":8,"column":25}},"8":{"start":{"line":9,"column":0},"end":{"line":9,"column":20}},"10":{"start":{"line":11,"column":0},"end":{"line":11,"column":2}}},"s":{"0":1,"2":1,"3":1,"4":1,"5":1,"7":1,"8":1,"10":1},"branchMap":{"0":{"type":"branch","line":3,"loc":{"start":{"line":3,"column":20},"end":{"line":11,"column":2}},"locations":[{"start":{"line":3,"column":20},"end":{"line":11,"column":2}}]}},"b":{"0":[1]},"fnMap":{"0":{"name":"Home","decl":{"start":{"line":3,"column":20},"end":{"line":11,"column":2}},"loc":{"start":{"line":3,"column":20},"end":{"line":11,"column":2}},"line":3}},"f":{"0":1}}
,"/Users/anthonytamayoortega/Documents/FrontendProjects/React/tp-template-b2c-b2b-react/msal-auth-template/src/pages/Login.tsx": {"path":"/Users/anthonytamayoortega/Documents/FrontendProjects/React/tp-template-b2c-b2b-react/msal-auth-template/src/pages/Login.tsx","all":false,"statementMap":{"0":{"start":{"line":1,"column":0},"end":{"line":1,"column":44}},"1":{"start":{"line":2,"column":0},"end":{"line":2,"column":58}},"3":{"start":{"line":4,"column":0},"end":{"line":4,"column":28}},"4":{"start":{"line":5,"column":0},"end":{"line":5,"column":35}},"6":{"start":{"line":7,"column":0},"end":{"line":7,"column":30}},"7":{"start":{"line":8,"column":0},"end":{"line":8,"column":61}},"8":{"start":{"line":9,"column":0},"end":{"line":9,"column":6}},"10":{"start":{"line":11,"column":0},"end":{"line":11,"column":33}},"11":{"start":{"line":12,"column":0},"end":{"line":12,"column":64}},"12":{"start":{"line":13,"column":0},"end":{"line":13,"column":6}},"14":{"start":{"line":15,"column":0},"end":{"line":15,"column":12}},"15":{"start":{"line":16,"column":0},"end":{"line":16,"column":78}},"16":{"start":{"line":17,"column":0},"end":{"line":17,"column":57}},"17":{"start":{"line":18,"column":0},"end":{"line":18,"column":79}},"19":{"start":{"line":20,"column":0},"end":{"line":20,"column":21}},"20":{"start":{"line":21,"column":0},"end":{"line":21,"column":81}},"22":{"start":{"line":23,"column":0},"end":{"line":23,"column":21}},"23":{"start":{"line":24,"column":0},"end":{"line":24,"column":16}},"25":{"start":{"line":26,"column":0},"end":{"line":26,"column":2}}},"s":{"0":1,"1":1,"3":1,"4":2,"6":2,"7":0,"8":0,"10":2,"11":0,"12":0,"14":2,"15":2,"16":2,"17":2,"19":2,"20":2,"22":2,"23":2,"25":2},"branchMap":{"0":{"type":"branch","line":4,"loc":{"start":{"line":4,"column":21},"end":{"line":26,"column":2}},"locations":[{"start":{"line":4,"column":21},"end":{"line":26,"column":2}}]}},"b":{"0":[2]},"fnMap":{"0":{"name":"Login","decl":{"start":{"line":4,"column":21},"end":{"line":26,"column":2}},"loc":{"start":{"line":4,"column":21},"end":{"line":26,"column":2}},"line":4},"1":{"name":"loginPopup","decl":{"start":{"line":7,"column":23},"end":{"line":9,"column":6}},"loc":{"start":{"line":7,"column":23},"end":{"line":9,"column":6}},"line":7},"2":{"name":"loginRedirect","decl":{"start":{"line":11,"column":26},"end":{"line":13,"column":6}},"loc":{"start":{"line":11,"column":26},"end":{"line":13,"column":6}},"line":11}},"f":{"0":2,"1":0,"2":0}}
,"/Users/anthonytamayoortega/Documents/FrontendProjects/React/tp-template-b2c-b2b-react/msal-auth-template/src/pages/Protected.tsx": {"path":"/Users/anthonytamayoortega/Documents/FrontendProjects/React/tp-template-b2c-b2b-react/msal-auth-template/src/pages/Protected.tsx","all":false,"statementMap":{"0":{"start":{"line":1,"column":0},"end":{"line":1,"column":54}},"2":{"start":{"line":3,"column":0},"end":{"line":3,"column":32}},"3":{"start":{"line":4,"column":0},"end":{"line":4,"column":12}},"4":{"start":{"line":5,"column":0},"end":{"line":5,"column":19}},"5":{"start":{"line":6,"column":0},"end":{"line":6,"column":44}},"7":{"start":{"line":8,"column":0},"end":{"line":8,"column":25}},"8":{"start":{"line":9,"column":0},"end":{"line":9,"column":20}},"10":{"start":{"line":11,"column":0},"end":{"line":11,"column":2}}},"s":{"0":1,"2":1,"3":1,"4":1,"5":1,"7":1,"8":1,"10":1},"branchMap":{"0":{"type":"branch","line":3,"loc":{"start":{"line":3,"column":25},"end":{"line":11,"column":2}},"locations":[{"start":{"line":3,"column":25},"end":{"line":11,"column":2}}]}},"b":{"0":[1]},"fnMap":{"0":{"name":"Protected","decl":{"start":{"line":3,"column":25},"end":{"line":11,"column":2}},"loc":{"start":{"line":3,"column":25},"end":{"line":11,"column":2}},"line":3}},"f":{"0":1}}
,"/Users/anthonytamayoortega/Documents/FrontendProjects/React/tp-template-b2c-b2b-react/msal-auth-template/src/pages/RedirectHandler.tsx": {"path":"/Users/anthonytamayoortega/Documents/FrontendProjects/React/tp-template-b2c-b2b-react/msal-auth-template/src/pages/RedirectHandler.tsx","all":false,"statementMap":{"0":{"start":{"line":1,"column":0},"end":{"line":1,"column":55}},"1":{"start":{"line":2,"column":0},"end":{"line":2,"column":44}},"2":{"start":{"line":3,"column":0},"end":{"line":3,"column":72}},"4":{"start":{"line":5,"column":0},"end":{"line":5,"column":38}},"5":{"start":{"line":6,"column":0},"end":{"line":6,"column":49}},"7":{"start":{"line":8,"column":0},"end":{"line":8,"column":30}},"8":{"start":{"line":9,"column":0},"end":{"line":9,"column":27}},"10":{"start":{"line":11,"column":0},"end":{"line":11,"column":56}},"11":{"start":{"line":12,"column":0},"end":{"line":12,"column":32}},"12":{"start":{"line":13,"column":0},"end":{"line":13,"column":44}},"14":{"start":{"line":15,"column":0},"end":{"line":15,"column":25}},"15":{"start":{"line":16,"column":0},"end":{"line":16,"column":20}},"17":{"start":{"line":18,"column":0},"end":{"line":18,"column":2}}},"s":{"0":1,"1":1,"2":1,"4":1,"5":0,"7":0,"8":0,"10":0,"11":0,"12":0,"14":0,"15":0,"17":0},"branchMap":{},"b":{},"fnMap":{"0":{"name":"RedirectHandler","decl":{"start":{"line":5,"column":31},"end":{"line":18,"column":2}},"loc":{"start":{"line":5,"column":31},"end":{"line":18,"column":2}},"line":5}},"f":{"0":0}}
,"/Users/anthonytamayoortega/Documents/FrontendProjects/React/tp-template-b2c-b2b-react/msal-auth-template/src/pages/index.ts": {"path":"/Users/anthonytamayoortega/Documents/FrontendProjects/React/tp-template-b2c-b2b-react/msal-auth-template/src/pages/index.ts","all":false,"statementMap":{"0":{"start":{"line":1,"column":0},"end":{"line":1,"column":23}},"1":{"start":{"line":2,"column":0},"end":{"line":2,"column":24}},"2":{"start":{"line":3,"column":0},"end":{"line":3,"column":28}},"3":{"start":{"line":4,"column":0},"end":{"line":4,"column":34}}},"s":{"0":1,"1":1,"2":1,"3":1},"branchMap":{},"b":{},"fnMap":{},"f":{}}
,"/Users/anthonytamayoortega/Documents/FrontendProjects/React/tp-template-b2c-b2b-react/msal-auth-template/src/routes/AppRoutes.tsx": {"path":"/Users/anthonytamayoortega/Documents/FrontendProjects/React/tp-template-b2c-b2b-react/msal-auth-template/src/routes/AppRoutes.tsx","all":false,"statementMap":{"0":{"start":{"line":1,"column":0},"end":{"line":1,"column":49}},"1":{"start":{"line":2,"column":0},"end":{"line":2,"column":48}},"2":{"start":{"line":3,"column":0},"end":{"line":3,"column":67}},"4":{"start":{"line":5,"column":0},"end":{"line":5,"column":32}},"5":{"start":{"line":6,"column":0},"end":{"line":6,"column":12}},"6":{"start":{"line":7,"column":0},"end":{"line":7,"column":16}},"7":{"start":{"line":8,"column":0},"end":{"line":8,"column":49}},"8":{"start":{"line":9,"column":0},"end":{"line":9,"column":55}},"9":{"start":{"line":10,"column":0},"end":{"line":10,"column":18}},"10":{"start":{"line":11,"column":0},"end":{"line":11,"column":33}},"11":{"start":{"line":12,"column":0},"end":{"line":12,"column":25}},"12":{"start":{"line":13,"column":0},"end":{"line":13,"column":34}},"13":{"start":{"line":14,"column":0},"end":{"line":14,"column":37}},"14":{"start":{"line":15,"column":0},"end":{"line":15,"column":35}},"16":{"start":{"line":17,"column":0},"end":{"line":17,"column":14}},"17":{"start":{"line":18,"column":0},"end":{"line":18,"column":68}},"18":{"start":{"line":19,"column":0},"end":{"line":19,"column":17}},"20":{"start":{"line":21,"column":0},"end":{"line":21,"column":2}}},"s":{"0":1,"1":1,"2":1,"4":1,"5":4,"6":4,"7":4,"8":4,"9":4,"10":4,"11":4,"12":4,"13":4,"14":4,"16":4,"17":4,"18":4,"20":4},"branchMap":{"0":{"type":"branch","line":5,"loc":{"start":{"line":5,"column":25},"end":{"line":21,"column":2}},"locations":[{"start":{"line":5,"column":25},"end":{"line":21,"column":2}}]}},"b":{"0":[4]},"fnMap":{"0":{"name":"AppRoutes","decl":{"start":{"line":5,"column":25},"end":{"line":21,"column":2}},"loc":{"start":{"line":5,"column":25},"end":{"line":21,"column":2}},"line":5}},"f":{"0":4}}
,"/Users/anthonytamayoortega/Documents/FrontendProjects/React/tp-template-b2c-b2b-react/msal-auth-template/src/routes/index.ts": {"path":"/Users/anthonytamayoortega/Documents/FrontendProjects/React/tp-template-b2c-b2b-react/msal-auth-template/src/routes/index.ts","all":false,"statementMap":{"0":{"start":{"line":1,"column":0},"end":{"line":1,"column":28}}},"s":{"0":1},"branchMap":{},"b":{},"fnMap":{},"f":{}}
}
